
> @ignite-ui/docs@1.0.0 build
> storybook build

@storybook/cli v7.0.18

info => Cleaning outputDir: \storybook-static
info => Loading presets
info => Building manager..
info => Manager built (301 ms)
info => Copying static files: C:\Users\Lucca\Documents\EstudosNext\project-2\node_modules\@storybook\manager\static at C:\Users\Lucca\Documents\EstudosNext\project-2\packages\docs\storybook-static\sb-common-assets
[36mvite v4.3.9 [32mbuilding for production...[36m[39m

./sb-common-assets/fonts.css doesn't exist at build time, it will remain unchanged to be resolved at runtime
transforming...
Use of eval in "../../node_modules/telejson/dist/index.mjs" is strongly discouraged as it poses security risks and may cause issues with minification.
Use of eval in "../../node_modules/telejson/dist/index.mjs" is strongly discouraged as it poses security risks and may cause issues with minification.
[32m✓[39m 581 modules transformed.
rendering chunks...
computing gzip size...
[2mstorybook-static/[22m[32miframe.html                                         [39m[1m[2m 13.08 kB[22m[1m[22m[2m │ gzip:   3.69 kB[22m
[2mstorybook-static/[22m[35massets/TokensGrid-7beb9f39.css                      [39m[1m[2m  0.43 kB[22m[1m[22m[2m │ gzip:   0.22 kB[22m
[2mstorybook-static/[22m[36massets/index-d475d2ea.js                            [39m[1m[2m  0.21 kB[22m[1m[22m[2m │ gzip:   0.17 kB[22m[2m │ map:     0.78 kB[22m
[2mstorybook-static/[22m[36massets/index-3685aeb7.js                            [39m[1m[2m  0.25 kB[22m[1m[22m[2m │ gzip:   0.20 kB[22m[2m │ map:     0.10 kB[22m
[2mstorybook-static/[22m[36massets/preview-8da89dfe.js                          [39m[1m[2m  0.29 kB[22m[1m[22m[2m │ gzip:   0.25 kB[22m[2m │ map:     0.72 kB[22m
[2mstorybook-static/[22m[36massets/_commonjsHelpers-725317a4.js                 [39m[1m[2m  0.29 kB[22m[1m[22m[2m │ gzip:   0.23 kB[22m[2m │ map:     0.11 kB[22m
[2mstorybook-static/[22m[36massets/DocsRenderer-EYKKDMVH-29db7556.js            [39m[1m[2m  0.44 kB[22m[1m[22m[2m │ gzip:   0.28 kB[22m[2m │ map:     0.11 kB[22m
[2mstorybook-static/[22m[36massets/WithTooltip-FBT32F6Q-62d600b0.js             [39m[1m[2m  0.47 kB[22m[1m[22m[2m │ gzip:   0.29 kB[22m[2m │ map:     0.11 kB[22m
[2mstorybook-static/[22m[36massets/syntaxhighlighter-QTQ2UBB4-6a872e61.js       [39m[1m[2m  0.49 kB[22m[1m[22m[2m │ gzip:   0.31 kB[22m[2m │ map:     0.12 kB[22m
[2mstorybook-static/[22m[36massets/index-dc1d5b46.js                            [39m[1m[2m  0.53 kB[22m[1m[22m[2m │ gzip:   0.34 kB[22m[2m │ map:     4.23 kB[22m
[2mstorybook-static/[22m[36massets/preview-b266d5be.js                          [39m[1m[2m  0.56 kB[22m[1m[22m[2m │ gzip:   0.36 kB[22m[2m │ map:     0.51 kB[22m
[2mstorybook-static/[22m[36massets/Box.stories-f24281e2.js                      [39m[1m[2m  0.61 kB[22m[1m[22m[2m │ gzip:   0.39 kB[22m[2m │ map:     0.10 kB[22m
[2mstorybook-static/[22m[36massets/preview-5ef354f3.js                          [39m[1m[2m  0.69 kB[22m[1m[22m[2m │ gzip:   0.49 kB[22m[2m │ map:     3.75 kB[22m
[2mstorybook-static/[22m[36massets/Heading.stories-57e98b41.js                  [39m[1m[2m  0.81 kB[22m[1m[22m[2m │ gzip:   0.43 kB[22m[2m │ map:     0.11 kB[22m
[2mstorybook-static/[22m[36massets/index-356e4a49.js                            [39m[1m[2m  0.81 kB[22m[1m[22m[2m │ gzip:   0.51 kB[22m[2m │ map:     3.21 kB[22m
[2mstorybook-static/[22m[36massets/Text.stories-93bab868.js                     [39m[1m[2m  0.81 kB[22m[1m[22m[2m │ gzip:   0.43 kB[22m[2m │ map:     0.11 kB[22m
[2mstorybook-static/[22m[36massets/TokensGrid-a496b65b.js                       [39m[1m[2m  0.88 kB[22m[1m[22m[2m │ gzip:   0.46 kB[22m[2m │ map:     1.74 kB[22m
[2mstorybook-static/[22m[36massets/preview-b1164a2e.js                          [39m[1m[2m  0.88 kB[22m[1m[22m[2m │ gzip:   0.58 kB[22m[2m │ map:     2.79 kB[22m
[2mstorybook-static/[22m[36massets/index-acd4788f.js                            [39m[1m[2m  0.92 kB[22m[1m[22m[2m │ gzip:   0.49 kB[22m[2m │ map:     2.49 kB[22m
[2mstorybook-static/[22m[36massets/jsx-runtime-6eef64cc.js                      [39m[1m[2m  0.97 kB[22m[1m[22m[2m │ gzip:   0.61 kB[22m[2m │ map:     2.21 kB[22m
[2mstorybook-static/[22m[36massets/home.stories-4e13cc61.js                     [39m[1m[2m  1.13 kB[22m[1m[22m[2m │ gzip:   0.62 kB[22m[2m │ map:     1.29 kB[22m
[2mstorybook-static/[22m[36massets/radii.stories-04cb8d2a.js                    [39m[1m[2m  1.19 kB[22m[1m[22m[2m │ gzip:   0.64 kB[22m[2m │ map:     1.43 kB[22m
[2mstorybook-static/[22m[36massets/fonts.stories-7bd89e1c.js                    [39m[1m[2m  1.21 kB[22m[1m[22m[2m │ gzip:   0.65 kB[22m[2m │ map:     1.46 kB[22m
[2mstorybook-static/[22m[36massets/line-height.stories-ccb7f7d6.js              [39m[1m[2m  1.22 kB[22m[1m[22m[2m │ gzip:   0.65 kB[22m[2m │ map:     1.48 kB[22m
[2mstorybook-static/[22m[36massets/space.stories-817ea39f.js                    [39m[1m[2m  1.27 kB[22m[1m[22m[2m │ gzip:   0.68 kB[22m[2m │ map:     1.55 kB[22m
[2mstorybook-static/[22m[36massets/font-weights.stories-1147358c.js             [39m[1m[2m  1.29 kB[22m[1m[22m[2m │ gzip:   0.68 kB[22m[2m │ map:     1.58 kB[22m
[2mstorybook-static/[22m[36massets/font-size.stories-2be70237.js                [39m[1m[2m  1.30 kB[22m[1m[22m[2m │ gzip:   0.69 kB[22m[2m │ map:     1.59 kB[22m
[2mstorybook-static/[22m[36massets/colors.stories-f1da4b91.js                   [39m[1m[2m  1.53 kB[22m[1m[22m[2m │ gzip:   0.81 kB[22m[2m │ map:     2.59 kB[22m
[2mstorybook-static/[22m[36massets/preview-a60aa466.js                          [39m[1m[2m  2.40 kB[22m[1m[22m[2m │ gzip:   1.25 kB[22m[2m │ map:    10.67 kB[22m
[2mstorybook-static/[22m[36massets/index-d37d4223.js                            [39m[1m[2m  2.63 kB[22m[1m[22m[2m │ gzip:   1.30 kB[22m[2m │ map:     7.42 kB[22m
[2mstorybook-static/[22m[36massets/preview-770cc08b.js                          [39m[1m[2m  3.22 kB[22m[1m[22m[2m │ gzip:   1.39 kB[22m[2m │ map:     9.94 kB[22m
[2mstorybook-static/[22m[36massets/index-c013ead5.js                            [39m[1m[2m  7.21 kB[22m[1m[22m[2m │ gzip:   2.95 kB[22m[2m │ map:    15.60 kB[22m
[2mstorybook-static/[22m[36massets/preview-d8c963a4.js                          [39m[1m[2m  7.67 kB[22m[1m[22m[2m │ gzip:   1.60 kB[22m[2m │ map:    13.60 kB[22m
[2mstorybook-static/[22m[36massets/preview-2cd4e1a1.js                          [39m[1m[2m  8.00 kB[22m[1m[22m[2m │ gzip:   3.04 kB[22m[2m │ map:    28.01 kB[22m
[2mstorybook-static/[22m[36massets/iframe-b458df7b.js                           [39m[1m[2m  8.04 kB[22m[1m[22m[2m │ gzip:   1.93 kB[22m[2m │ map:     7.06 kB[22m
[2mstorybook-static/[22m[36massets/GlobalScrollAreaStyles-XIHNDKUY-d6773b2d.js  [39m[1m[2m 10.45 kB[22m[1m[22m[2m │ gzip:   2.37 kB[22m[2m │ map:    15.68 kB[22m
[2mstorybook-static/[22m[36massets/index-97fff311.js                            [39m[1m[2m 19.37 kB[22m[1m[22m[2m │ gzip:   7.40 kB[22m[2m │ map:    46.06 kB[22m
[2mstorybook-static/[22m[36massets/preview-b038cc74.js                          [39m[1m[2m 21.08 kB[22m[1m[22m[2m │ gzip:   6.99 kB[22m[2m │ map:    68.03 kB[22m
[2mstorybook-static/[22m[36massets/chunk-4NMOSTKD-052c8761.js                   [39m[1m[2m 21.63 kB[22m[1m[22m[2m │ gzip:   7.23 kB[22m[2m │ map:    49.49 kB[22m
[2mstorybook-static/[22m[36massets/Color-3YIJY6X7-9d18fd32.js                   [39m[1m[2m 31.07 kB[22m[1m[22m[2m │ gzip:  11.68 kB[22m[2m │ map:   111.99 kB[22m
[2mstorybook-static/[22m[36massets/OverlayScrollbars-VAV6LJAB-924a941b.js       [39m[1m[2m 59.02 kB[22m[1m[22m[2m │ gzip:  25.31 kB[22m[2m │ map:   277.41 kB[22m
[2mstorybook-static/[22m[36massets/index-530d9bea.js                            [39m[1m[2m213.04 kB[22m[1m[22m[2m │ gzip:  66.69 kB[22m[2m │ map:   647.00 kB[22m
[2mstorybook-static/[22m[36massets/config-9bf30e63.js                           [39m[1m[2m318.18 kB[22m[1m[22m[2m │ gzip:  98.29 kB[22m[2m │ map: 1,138.85 kB[22m
[2mstorybook-static/[22m[36massets/chunk-PCJTTTQV-93d5b8c8.js                   [39m[1m[2m482.68 kB[22m[1m[22m[2m │ gzip: 158.65 kB[22m[2m │ map: 1,392.40 kB[22m
[33m
(!) Some chunks are larger than 500 kBs after minification. Consider:
- Using dynamic import() to code-split the application
- Use build.rollupOptions.output.manualChunks to improve chunking: https://rollupjs.org/configuration-options/#output-manualchunks
[2mstorybook-static/[22m[36massets/formatter-S4K5WUZV-41f57d41.js               [39m[1m[33m601.66 kB[39m[22m[2m │ gzip: 185.06 kB[22m[2m │ map: 1,314.23 kB[22m
- Adjust chunk size limit for this warning via build.chunkSizeWarningLimit.[39m
[32m✓ built in 16.08s[39m
info => Output directory: C:\Users\Lucca\Documents\EstudosNext\project-2\packages\docs\storybook-static
